<?xml version="1.0" encoding="UTF-8" ?>
<testsuite tests="32" failures="0" name="smc.parser.ParserTest" time="0.021" errors="0" skipped="0">
  <properties>
    <property name="java.runtime.name" value="OpenJDK Runtime Environment"/>
    <property name="java.vm.version" value="19"/>
    <property name="sun.boot.library.path" value="/usr/local/Cellar/openjdk/19/libexec/openjdk.jdk/Contents/Home/lib"/>
    <property name="maven.multiModuleProjectDirectory" value="/Users/marcotedone/dev/smc-compiler-unclebob"/>
    <property name="java.vm.vendor" value="Homebrew"/>
    <property name="java.vendor.url" value="https://github.com/Homebrew/homebrew-core/issues"/>
    <property name="guice.disable.misplaced.annotation.check" value="true"/>
    <property name="path.separator" value=":"/>
    <property name="java.vm.name" value="OpenJDK 64-Bit Server VM"/>
    <property name="user.country" value="GB"/>
    <property name="sun.java.launcher" value="SUN_STANDARD"/>
    <property name="java.vm.specification.name" value="Java Virtual Machine Specification"/>
    <property name="user.dir" value="/Users/marcotedone/dev/smc-compiler-unclebob"/>
    <property name="java.vm.compressedOopsMode" value="Zero based"/>
    <property name="java.runtime.version" value="19"/>
    <property name="os.arch" value="x86_64"/>
    <property name="java.io.tmpdir" value="/var/folders/c4/3m82mrf96cd_pbp2j300sy0c0000gn/T/"/>
    <property name="line.separator" value="
"/>
    <property name="java.vm.specification.vendor" value="Oracle Corporation"/>
    <property name="stderr.encoding" value="UTF-8"/>
    <property name="os.name" value="Mac OS X"/>
    <property name="classworlds.conf" value="/usr/local/Cellar/maven/3.8.6/libexec/bin/m2.conf"/>
    <property name="sun.jnu.encoding" value="UTF-8"/>
    <property name="stdout.encoding" value="UTF-8"/>
    <property name="java.library.path" value="/Users/marcotedone/Library/Java/Extensions:/Library/Java/Extensions:/Network/Library/Java/Extensions:/System/Library/Java/Extensions:/usr/lib/java:."/>
    <property name="maven.conf" value="/usr/local/Cellar/maven/3.8.6/libexec/conf"/>
    <property name="jdk.debug" value="release"/>
    <property name="java.class.version" value="63.0"/>
    <property name="java.specification.name" value="Java Platform API Specification"/>
    <property name="sun.management.compiler" value="HotSpot 64-Bit Tiered Compilers"/>
    <property name="os.version" value="12.6.2"/>
    <property name="library.jansi.path" value="/usr/local/Cellar/maven/3.8.6/libexec/lib/jansi-native"/>
    <property name="http.nonProxyHosts" value="local|*.local|169.254/16|*.169.254/16"/>
    <property name="user.home" value="/Users/marcotedone"/>
    <property name="user.timezone" value="Europe/London"/>
    <property name="file.encoding" value="UTF-8"/>
    <property name="java.specification.version" value="19"/>
    <property name="user.name" value="marcotedone"/>
    <property name="java.class.path" value="/usr/local/Cellar/maven/3.8.6/libexec/boot/plexus-classworlds-2.6.0.jar"/>
    <property name="java.vm.specification.version" value="19"/>
    <property name="sun.arch.data.model" value="64"/>
    <property name="sun.java.command" value="org.codehaus.plexus.classworlds.launcher.Launcher clean verify"/>
    <property name="java.home" value="/usr/local/Cellar/openjdk/19/libexec/openjdk.jdk/Contents/Home"/>
    <property name="apple.awt.application.name" value="Launcher"/>
    <property name="user.language" value="en"/>
    <property name="java.specification.vendor" value="Oracle Corporation"/>
    <property name="java.vm.info" value="mixed mode, sharing"/>
    <property name="java.version" value="19"/>
    <property name="native.encoding" value="UTF-8"/>
    <property name="java.vendor" value="Homebrew"/>
    <property name="maven.home" value="/usr/local/Cellar/maven/3.8.6/libexec"/>
    <property name="file.separator" value="/"/>
    <property name="java.version.date" value="2022-09-20"/>
    <property name="java.vendor.url.bug" value="https://github.com/Homebrew/homebrew-core/issues"/>
    <property name="sun.io.unicode.encoding" value="UnicodeBig"/>
    <property name="sun.cpu.endian" value="little"/>
    <property name="java.vendor.version" value="Homebrew"/>
    <property name="socksNonProxyHosts" value="local|*.local|169.254/16|*.169.254/16"/>
    <property name="ftp.nonProxyHosts" value="local|*.local|169.254/16|*.169.254/16"/>
  </properties>
  <testcase classname="smc.parser.ParserTest$ErrorTests" name="transitionNoAction" time="0.009"/>
  <testcase classname="smc.parser.ParserTest$ErrorTests" name="headerWithNoValue" time="0.001"/>
  <testcase classname="smc.parser.ParserTest$ErrorTests" name="noClosingBrace" time="0"/>
  <testcase classname="smc.parser.ParserTest$ErrorTests" name="headerWithNoColonOrValue" time="0"/>
  <testcase classname="smc.parser.ParserTest$ErrorTests" name="parseNothing" time="0.001"/>
  <testcase classname="smc.parser.ParserTest$ErrorTests" name="transitionWayTooShort" time="0"/>
  <testcase classname="smc.parser.ParserTest$ErrorTests" name="lexicalError" time="0"/>
  <testcase classname="smc.parser.ParserTest$ErrorTests" name="transitionTooShort" time="0"/>
  <testcase classname="smc.parser.ParserTest$ErrorTests" name="initialStateDash" time="0"/>
  <testcase classname="smc.parser.ParserTest$AcceptanceTests" name="simpleOneCoinTurnstile" time="0.007"/>
  <testcase classname="smc.parser.ParserTest$AcceptanceTests" name="twoCoinTurnstileWithSuperState" time="0.001"/>
  <testcase classname="smc.parser.ParserTest$AcceptanceTests" name="twoCoinTurnstileWithoutSuperState" time="0.001"/>
  <testcase classname="smc.parser.ParserTest$IncrementalTests" name="superState" time="0"/>
  <testcase classname="smc.parser.ParserTest$IncrementalTests" name="entryAction" time="0"/>
  <testcase classname="smc.parser.ParserTest$IncrementalTests" name="multipleExitActions" time="0"/>
  <testcase classname="smc.parser.ParserTest$IncrementalTests" name="parseOneHeader" time="0"/>
  <testcase classname="smc.parser.ParserTest$IncrementalTests" name="simpleTransition" time="0"/>
  <testcase classname="smc.parser.ParserTest$IncrementalTests" name="stateWithSeveralSubTransitions" time="0"/>
  <testcase classname="smc.parser.ParserTest$IncrementalTests" name="derivedState" time="0"/>
  <testcase classname="smc.parser.ParserTest$IncrementalTests" name="multipleSuperStates" time="0"/>
  <testcase classname="smc.parser.ParserTest$IncrementalTests" name="manyTransitions" time="0"/>
  <testcase classname="smc.parser.ParserTest$IncrementalTests" name="exitAction" time="0"/>
  <testcase classname="smc.parser.ParserTest$IncrementalTests" name="transitionWithNullAction" time="0"/>
  <testcase classname="smc.parser.ParserTest$IncrementalTests" name="stateWithSubTransition" time="0"/>
  <testcase classname="smc.parser.ParserTest$IncrementalTests" name="allStateAdornments" time="0"/>
  <testcase classname="smc.parser.ParserTest$IncrementalTests" name="transitionWithManyActions" time="0"/>
  <testcase classname="smc.parser.ParserTest$IncrementalTests" name="noHeader" time="0"/>
  <testcase classname="smc.parser.ParserTest$IncrementalTests" name="multipleEntryAndExitActionsWithBraces" time="0.001"/>
  <testcase classname="smc.parser.ParserTest$IncrementalTests" name="parseManyHeaders" time="0"/>
  <testcase classname="smc.parser.ParserTest$IncrementalTests" name="multipleEntryActions" time="0"/>
  <testcase classname="smc.parser.ParserTest$IncrementalTests" name="stateWithAllDashes" time="0"/>
  <testcase classname="smc.parser.ParserTest$IncrementalTests" name="stateWithNoSubTransitions" time="0"/>
</testsuite>