<?xml version="1.0" encoding="UTF-8" ?>
<testsuite tests="48" failures="0" name="smc.semanticAnalyzer.SemanticAnalyzerTest" time="0.015" errors="0" skipped="0">
  <properties>
    <property name="java.runtime.name" value="OpenJDK Runtime Environment"/>
    <property name="java.vm.version" value="19"/>
    <property name="sun.boot.library.path" value="/usr/local/Cellar/openjdk/19/libexec/openjdk.jdk/Contents/Home/lib"/>
    <property name="maven.multiModuleProjectDirectory" value="/Users/marcotedone/dev/smc-compiler-unclebob"/>
    <property name="java.vm.vendor" value="Homebrew"/>
    <property name="java.vendor.url" value="https://github.com/Homebrew/homebrew-core/issues"/>
    <property name="guice.disable.misplaced.annotation.check" value="true"/>
    <property name="path.separator" value=":"/>
    <property name="java.vm.name" value="OpenJDK 64-Bit Server VM"/>
    <property name="user.country" value="GB"/>
    <property name="sun.java.launcher" value="SUN_STANDARD"/>
    <property name="java.vm.specification.name" value="Java Virtual Machine Specification"/>
    <property name="user.dir" value="/Users/marcotedone/dev/smc-compiler-unclebob"/>
    <property name="java.vm.compressedOopsMode" value="Zero based"/>
    <property name="java.runtime.version" value="19"/>
    <property name="os.arch" value="x86_64"/>
    <property name="java.io.tmpdir" value="/var/folders/c4/3m82mrf96cd_pbp2j300sy0c0000gn/T/"/>
    <property name="line.separator" value="
"/>
    <property name="java.vm.specification.vendor" value="Oracle Corporation"/>
    <property name="stderr.encoding" value="UTF-8"/>
    <property name="os.name" value="Mac OS X"/>
    <property name="classworlds.conf" value="/usr/local/Cellar/maven/3.8.6/libexec/bin/m2.conf"/>
    <property name="sun.jnu.encoding" value="UTF-8"/>
    <property name="stdout.encoding" value="UTF-8"/>
    <property name="java.library.path" value="/Users/marcotedone/Library/Java/Extensions:/Library/Java/Extensions:/Network/Library/Java/Extensions:/System/Library/Java/Extensions:/usr/lib/java:."/>
    <property name="maven.conf" value="/usr/local/Cellar/maven/3.8.6/libexec/conf"/>
    <property name="jdk.debug" value="release"/>
    <property name="java.class.version" value="63.0"/>
    <property name="java.specification.name" value="Java Platform API Specification"/>
    <property name="sun.management.compiler" value="HotSpot 64-Bit Tiered Compilers"/>
    <property name="os.version" value="12.6.2"/>
    <property name="library.jansi.path" value="/usr/local/Cellar/maven/3.8.6/libexec/lib/jansi-native"/>
    <property name="http.nonProxyHosts" value="local|*.local|169.254/16|*.169.254/16"/>
    <property name="user.home" value="/Users/marcotedone"/>
    <property name="user.timezone" value="Europe/London"/>
    <property name="file.encoding" value="UTF-8"/>
    <property name="java.specification.version" value="19"/>
    <property name="user.name" value="marcotedone"/>
    <property name="java.class.path" value="/usr/local/Cellar/maven/3.8.6/libexec/boot/plexus-classworlds-2.6.0.jar"/>
    <property name="java.vm.specification.version" value="19"/>
    <property name="sun.arch.data.model" value="64"/>
    <property name="sun.java.command" value="org.codehaus.plexus.classworlds.launcher.Launcher clean verify"/>
    <property name="java.home" value="/usr/local/Cellar/openjdk/19/libexec/openjdk.jdk/Contents/Home"/>
    <property name="apple.awt.application.name" value="Launcher"/>
    <property name="user.language" value="en"/>
    <property name="java.specification.vendor" value="Oracle Corporation"/>
    <property name="java.vm.info" value="mixed mode, sharing"/>
    <property name="java.version" value="19"/>
    <property name="native.encoding" value="UTF-8"/>
    <property name="java.vendor" value="Homebrew"/>
    <property name="maven.home" value="/usr/local/Cellar/maven/3.8.6/libexec"/>
    <property name="file.separator" value="/"/>
    <property name="java.version.date" value="2022-09-20"/>
    <property name="java.vendor.url.bug" value="https://github.com/Homebrew/homebrew-core/issues"/>
    <property name="sun.io.unicode.encoding" value="UnicodeBig"/>
    <property name="sun.cpu.endian" value="little"/>
    <property name="java.vendor.version" value="Homebrew"/>
    <property name="socksNonProxyHosts" value="local|*.local|169.254/16|*.169.254/16"/>
    <property name="ftp.nonProxyHosts" value="local|*.local|169.254/16|*.169.254/16"/>
  </properties>
  <testcase classname="smc.semanticAnalyzer.SemanticAnalyzerTest$AcceptanceTests" name="subwayTurnstileThree" time="0.001"/>
  <testcase classname="smc.semanticAnalyzer.SemanticAnalyzerTest$AcceptanceTests" name="subwayTurnstileOne" time="0"/>
  <testcase classname="smc.semanticAnalyzer.SemanticAnalyzerTest$AcceptanceTests" name="subwayTurnstileTwo" time="0.001"/>
  <testcase classname="smc.semanticAnalyzer.SemanticAnalyzerTest$Logic" name="oneTransition" time="0.001"/>
  <testcase classname="smc.semanticAnalyzer.SemanticAnalyzerTest$Logic" name="entryAndExitActionsRemainInOrder" time="0.001"/>
  <testcase classname="smc.semanticAnalyzer.SemanticAnalyzerTest$Logic" name="superStatesAreAggregated" time="0"/>
  <testcase classname="smc.semanticAnalyzer.SemanticAnalyzerTest$Logic" name="actionsRemainInOrder" time="0.001"/>
  <testcase classname="smc.semanticAnalyzer.SemanticAnalyzerTest$Logic" name="twoTransitionsAreAggregated" time="0"/>
  <testcase classname="smc.semanticAnalyzer.SemanticAnalyzerTest$Logic" name="nullNextStateRefersToSelf" time="0.001"/>
  <testcase classname="smc.semanticAnalyzer.SemanticAnalyzerTest$Lists" name="entryAndExitActionsAreCountedAsActions" time="0.001"/>
  <testcase classname="smc.semanticAnalyzer.SemanticAnalyzerTest$Lists" name="noNullEvents" time="0"/>
  <testcase classname="smc.semanticAnalyzer.SemanticAnalyzerTest$Lists" name="manyActionsButNoDuplicates" time="0"/>
  <testcase classname="smc.semanticAnalyzer.SemanticAnalyzerTest$Lists" name="manyEvents" time="0.001"/>
  <testcase classname="smc.semanticAnalyzer.SemanticAnalyzerTest$Lists" name="manyEventsButNoDuplicates" time="0"/>
  <testcase classname="smc.semanticAnalyzer.SemanticAnalyzerTest$Lists" name="manyStates" time="0"/>
  <testcase classname="smc.semanticAnalyzer.SemanticAnalyzerTest$Lists" name="statesAreKeyedByName" time="0"/>
  <testcase classname="smc.semanticAnalyzer.SemanticAnalyzerTest$Lists" name="oneState" time="0"/>
  <testcase classname="smc.semanticAnalyzer.SemanticAnalyzerTest$Warnings" name="warnIfStateUsedAsBothAbstractAndConcrete" time="0.001"/>
  <testcase classname="smc.semanticAnalyzer.SemanticAnalyzerTest$SemanticErrors$TransitionErrors" name="abstractStatesCantBeTargets" time="0"/>
  <testcase classname="smc.semanticAnalyzer.SemanticAnalyzerTest$SemanticErrors$TransitionErrors" name="errorIfStateHasMultipleExitActionDefinitions" time="0"/>
  <testcase classname="smc.semanticAnalyzer.SemanticAnalyzerTest$SemanticErrors$TransitionErrors" name="abstractStatesCanBeUsedAsSuperStates" time="0.001"/>
  <testcase classname="smc.semanticAnalyzer.SemanticAnalyzerTest$SemanticErrors$TransitionErrors" name="noDuplicateTransitions" time="0"/>
  <testcase classname="smc.semanticAnalyzer.SemanticAnalyzerTest$SemanticErrors$TransitionErrors" name="errorIfStateHasMultiplyDefinedEntryAndExitActions" time="0"/>
  <testcase classname="smc.semanticAnalyzer.SemanticAnalyzerTest$SemanticErrors$TransitionErrors" name="errorIfStateHasMultipleEntryActionDefinitions" time="0"/>
  <testcase classname="smc.semanticAnalyzer.SemanticAnalyzerTest$SemanticErrors$TransitionErrors" name="entryAndExitActionsNotMultiplyDefined" time="0"/>
  <testcase classname="smc.semanticAnalyzer.SemanticAnalyzerTest$SemanticErrors$TransitionErrors" name="duplicateTransitions" time="0"/>
  <testcase classname="smc.semanticAnalyzer.SemanticAnalyzerTest$SemanticErrors$StateErrors" name="usedAsInitialIsValidUsage" time="0"/>
  <testcase classname="smc.semanticAnalyzer.SemanticAnalyzerTest$SemanticErrors$StateErrors" name="noErrorForOverriddenTransition" time="0"/>
  <testcase classname="smc.semanticAnalyzer.SemanticAnalyzerTest$SemanticErrors$StateErrors" name="undefinedState" time="0"/>
  <testcase classname="smc.semanticAnalyzer.SemanticAnalyzerTest$SemanticErrors$StateErrors" name="errorIfSuperstatesHaveDifferentActionsInSameTransitions" time="0"/>
  <testcase classname="smc.semanticAnalyzer.SemanticAnalyzerTest$SemanticErrors$StateErrors" name="unusedStates" time="0"/>
  <testcase classname="smc.semanticAnalyzer.SemanticAnalyzerTest$SemanticErrors$StateErrors" name="noUndefinedStates" time="0"/>
  <testcase classname="smc.semanticAnalyzer.SemanticAnalyzerTest$SemanticErrors$StateErrors" name="undefinedSuperState" time="0"/>
  <testcase classname="smc.semanticAnalyzer.SemanticAnalyzerTest$SemanticErrors$StateErrors" name="noErrorIfSuperStatesHaveIdenticalTransitions" time="0.001"/>
  <testcase classname="smc.semanticAnalyzer.SemanticAnalyzerTest$SemanticErrors$StateErrors" name="usedAsBaseIsValidUsage" time="0"/>
  <testcase classname="smc.semanticAnalyzer.SemanticAnalyzerTest$SemanticErrors$StateErrors" name="superStateDefined" time="0.001"/>
  <testcase classname="smc.semanticAnalyzer.SemanticAnalyzerTest$SemanticErrors$StateErrors" name="nextStateNullIsImplicitUse" time="0"/>
  <testcase classname="smc.semanticAnalyzer.SemanticAnalyzerTest$SemanticErrors$StateErrors" name="nullNextStateIsNotUndefined" time="0"/>
  <testcase classname="smc.semanticAnalyzer.SemanticAnalyzerTest$SemanticErrors$StateErrors" name="errorIfSuperStatesHaveConflictingTransitions" time="0.001"/>
  <testcase classname="smc.semanticAnalyzer.SemanticAnalyzerTest$SemanticErrors$StateErrors" name="noUnusedStates" time="0"/>
  <testcase classname="smc.semanticAnalyzer.SemanticAnalyzerTest$SemanticErrors$HeaderErrors" name="unexpectedHeader" time="0"/>
  <testcase classname="smc.semanticAnalyzer.SemanticAnalyzerTest$SemanticErrors$HeaderErrors" name="nothingMissing" time="0.001"/>
  <testcase classname="smc.semanticAnalyzer.SemanticAnalyzerTest$SemanticErrors$HeaderErrors" name="missingInitial" time="0"/>
  <testcase classname="smc.semanticAnalyzer.SemanticAnalyzerTest$SemanticErrors$HeaderErrors" name="initialStateMustBeDefined" time="0"/>
  <testcase classname="smc.semanticAnalyzer.SemanticAnalyzerTest$SemanticErrors$HeaderErrors" name="missingFsm" time="0"/>
  <testcase classname="smc.semanticAnalyzer.SemanticAnalyzerTest$SemanticErrors$HeaderErrors" name="duplicateHeader" time="0.001"/>
  <testcase classname="smc.semanticAnalyzer.SemanticAnalyzerTest$SemanticErrors$HeaderErrors" name="missingActions" time="0"/>
  <testcase classname="smc.semanticAnalyzer.SemanticAnalyzerTest$SemanticErrors$HeaderErrors" name="noHeaders" time="0"/>
</testsuite>